
Due to MODULEPATH changes, the following have been reloaded:
  1) libfabric/1.10.1     2) openmpi/4.0.3     3) ucx/1.8.0


Lmod is automatically replacing "intel/2020.1.217" with "gcc/9.3.0".


Due to MODULEPATH changes, the following have been reloaded:
  1) cuda/11.0     2) openmpi/4.0.3

Tue Aug 29 18:55:00 2023       
+---------------------------------------------------------------------------------------+
| NVIDIA-SMI 530.30.02              Driver Version: 530.30.02    CUDA Version: 12.1     |
|-----------------------------------------+----------------------+----------------------+
| GPU  Name                  Persistence-M| Bus-Id        Disp.A | Volatile Uncorr. ECC |
| Fan  Temp  Perf            Pwr:Usage/Cap|         Memory-Usage | GPU-Util  Compute M. |
|                                         |                      |               MIG M. |
|=========================================+======================+======================|
|   0  Tesla P100-PCIE-12GB            On | 00000000:83:00.0 Off |                    0 |
| N/A   28C    P0               24W / 250W|      0MiB / 12288MiB |      0%      Default |
|                                         |                      |                  N/A |
+-----------------------------------------+----------------------+----------------------+
                                                                                         
+---------------------------------------------------------------------------------------+
| Processes:                                                                            |
|  GPU   GI   CI        PID   Type   Process name                            GPU Memory |
|        ID   ID                                                             Usage      |
|=======================================================================================|
|  No running processes found                                                           |
+---------------------------------------------------------------------------------------+
Testing...
{'dataset': {'crop_ratio': [0.9, 1.0],
             'default_fps': None,
             'downsample_rate': 1,
             'feat_folder': '/project/6003167/slee67/bodycam/videos/Chicago_raw',
             'feat_stride': 4,
             'file_ext': '.mp4',
             'file_prefix': None,
             'force_upsampling': False,
             'input_dim': 1408,
             'json_file': './data/InternVideo_Police_BWC_Car_v1.json',
             'max_seq_len': 53950,
             'num_classes': 1,
             'num_frames': 16,
             'trunc_thresh': 0.5},
 'dataset_name': 'thumos',
 'devices': ['cuda:0'],
 'init_rand_seed': 1234567891,
 'loader': {'batch_size': 2, 'num_workers': 4},
 'model': {'backbone_arch': (2, 2, 5),
           'backbone_type': 'convTransformer',
           'embd_dim': 512,
           'embd_kernel_size': 3,
           'embd_with_ln': True,
           'fpn_dim': 512,
           'fpn_type': 'identity',
           'fpn_with_ln': True,
           'head_dim': 512,
           'head_kernel_size': 3,
           'head_num_layers': 3,
           'head_with_ln': True,
           'input_dim': 1408,
           'max_buffer_len_factor': 6.0,
           'max_seq_len': 53950,
           'n_head': 4,
           'n_mha_win_size': 19,
           'num_classes': 1,
           'regression_range': [(0, 4),
                                (4, 8),
                                (8, 16),
                                (16, 32),
                                (32, 64),
                                (64, 10000)],
           'scale_factor': 2,
           'test_cfg': {'duration_thresh': 0.05,
                        'ext_score_file': None,
                        'iou_threshold': 0.1,
                        'max_seg_num': 200,
                        'min_score': 0.001,
                        'multiclass_nms': True,
                        'nms_method': 'soft',
                        'nms_sigma': 0.5,
                        'pre_nms_thresh': 0.001,
                        'pre_nms_topk': 2000,
                        'voting_thresh': 0.7},
           'train_cfg': {'center_sample': 'radius',
                         'center_sample_radius': 1.5,
                         'clip_grad_l2norm': 1.0,
                         'cls_prior_prob': 0.01,
                         'dropout': 0.0,
                         'droppath': 0.1,
                         'head_empty_cls': [],
                         'init_loss_norm': 100,
                         'label_smoothing': 0.0,
                         'loss_weight': 1.0},
           'use_abs_pe': False,
           'use_rel_pe': False},
 'model_name': 'LocPointTransformer',
 'opt': {'epochs': 45,
         'learning_rate': 0.0001,
         'momentum': 0.9,
         'schedule_gamma': 0.1,
         'schedule_steps': [],
         'schedule_type': 'cosine',
         'type': 'AdamW',
         'warmup': True,
         'warmup_epochs': 5,
         'weight_decay': 0.05},
 'output_folder': './ckpt_bwc/',
 'test_cfg': {'duration_thresh': 0.05,
              'ext_score_file': None,
              'iou_threshold': 0.1,
              'max_seg_num': 200,
              'min_score': 0.001,
              'multiclass_nms': True,
              'nms_method': 'soft',
              'nms_sigma': 0.5,
              'pre_nms_thresh': 0.001,
              'pre_nms_topk': 2000,
              'voting_thresh': 0.7},
 'train_cfg': {'center_sample': 'radius',
               'center_sample_radius': 1.5,
               'clip_grad_l2norm': 1.0,
               'cls_prior_prob': 0.01,
               'dropout': 0.0,
               'droppath': 0.1,
               'head_empty_cls': [],
               'init_loss_norm': 100,
               'label_smoothing': 0.0,
               'loss_weight': 1.0},
 'train_split': ['train'],
 'val_split': ['test']}
Traceback (most recent call last):
  File "/project/6003167/slee67/bodycam/InternVideo/Downstream/Temporal-Action-Localization/./train_eval.py", line 230, in <module>
    main(args)
  File "/project/6003167/slee67/bodycam/InternVideo/Downstream/Temporal-Action-Localization/./train_eval.py", line 61, in main
    train_dataset = make_dataset(
  File "/project/6003167/slee67/bodycam/InternVideo/Downstream/Temporal-Action-Localization/libs/datasets/datasets.py", line 16, in make_dataset
    dataset = datasets[name](is_training, split, **kwargs)
  File "/project/6003167/slee67/bodycam/InternVideo/Downstream/Temporal-Action-Localization/libs/datasets/thumos14.py", line 69, in __init__
    dict_db, label_dict = self._load_json_db(self.json_file)
  File "/project/6003167/slee67/bodycam/InternVideo/Downstream/Temporal-Action-Localization/libs/datasets/thumos14.py", line 88, in _load_json_db
    json_data = json.load(fid)
  File "/cvmfs/soft.computecanada.ca/easybuild/software/2020/avx2/Core/python/3.10.2/lib/python3.10/json/__init__.py", line 293, in load
    return loads(fp.read(),
  File "/cvmfs/soft.computecanada.ca/easybuild/software/2020/avx2/Core/python/3.10.2/lib/python3.10/codecs.py", line 322, in decode
    (result, consumed) = self._buffer_decode(data, self.errors, final)
UnicodeDecodeError: 'utf-8' codec can't decode byte 0x96 in position 1865: invalid start byte
