
Due to MODULEPATH changes, the following have been reloaded:
  1) libfabric/1.10.1     2) openmpi/4.0.3     3) ucx/1.8.0


Lmod is automatically replacing "intel/2020.1.217" with "gcc/9.3.0".


Due to MODULEPATH changes, the following have been reloaded:
  1) cuda/11.0     2) openmpi/4.0.3

Thu Aug 31 21:25:36 2023       
+---------------------------------------------------------------------------------------+
| NVIDIA-SMI 530.30.02              Driver Version: 530.30.02    CUDA Version: 12.1     |
|-----------------------------------------+----------------------+----------------------+
| GPU  Name                  Persistence-M| Bus-Id        Disp.A | Volatile Uncorr. ECC |
| Fan  Temp  Perf            Pwr:Usage/Cap|         Memory-Usage | GPU-Util  Compute M. |
|                                         |                      |               MIG M. |
|=========================================+======================+======================|
|   0  Tesla V100-SXM2-32GB            On | 00000000:18:00.0 Off |                    0 |
| N/A   35C    P0               44W / 300W|      0MiB / 32768MiB |      0%      Default |
|                                         |                      |                  N/A |
+-----------------------------------------+----------------------+----------------------+
                                                                                         
+---------------------------------------------------------------------------------------+
| Processes:                                                                            |
|  GPU   GI   CI        PID   Type   Process name                            GPU Memory |
|        ID   ID                                                             Usage      |
|=======================================================================================|
|  No running processes found                                                           |
+---------------------------------------------------------------------------------------+
Testing...


Configuration loaded: 

{'dataset': {'crop_ratio': [0.9, 1.0],
             'default_fps': None,
             'downsample_rate': 1,
             'feat_folder': '/scratch/slee67/bodycam_mp4',
             'feat_stride': 4,
             'file_ext': '.mp4',
             'file_prefix': None,
             'force_upsampling': False,
             'input_dim': 2000,
             'json_file': './data/InternVideo_Police_BWC_Car_v3.json',
             'max_seq_len': 65536,
             'num_classes': 1,
             'num_frames': 16,
             'trunc_thresh': 0.5},
 'dataset_name': 'thumos',
 'devices': ['cuda:0'],
 'init_rand_seed': 1234567891,
 'loader': {'batch_size': 2, 'num_workers': 4},
 'model': {'backbone_arch': (2, 2, 5),
           'backbone_type': 'convTransformer',
           'embd_dim': 512,
           'embd_kernel_size': 3,
           'embd_with_ln': True,
           'fpn_dim': 512,
           'fpn_type': 'identity',
           'fpn_with_ln': True,
           'head_dim': 512,
           'head_kernel_size': 3,
           'head_num_layers': 3,
           'head_with_ln': True,
           'input_dim': 2000,
           'max_buffer_len_factor': 6.0,
           'max_seq_len': 65536,
           'n_head': 4,
           'n_mha_win_size': 16,
           'num_classes': 1,
           'regression_range': [(0, 4),
                                (4, 8),
                                (8, 16),
                                (16, 32),
                                (32, 64),
                                (64, 10000)],
           'scale_factor': 2,
           'test_cfg': {'duration_thresh': 0.05,
                        'ext_score_file': None,
                        'iou_threshold': 0.1,
                        'max_seg_num': 200,
                        'min_score': 0.001,
                        'multiclass_nms': True,
                        'nms_method': 'soft',
                        'nms_sigma': 0.5,
                        'pre_nms_thresh': 0.001,
                        'pre_nms_topk': 2000,
                        'voting_thresh': 0.7},
           'train_cfg': {'center_sample': 'radius',
                         'center_sample_radius': 1.5,
                         'clip_grad_l2norm': 1.0,
                         'cls_prior_prob': 0.01,
                         'dropout': 0.0,
                         'droppath': 0.1,
                         'head_empty_cls': [],
                         'init_loss_norm': 100,
                         'label_smoothing': 0.0,
                         'loss_weight': 1.0},
           'use_abs_pe': False,
           'use_rel_pe': False},
 'model_name': 'LocPointTransformer',
 'opt': {'epochs': 45,
         'learning_rate': 0.0001,
         'momentum': 0.9,
         'schedule_gamma': 0.1,
         'schedule_steps': [],
         'schedule_type': 'cosine',
         'type': 'AdamW',
         'warmup': True,
         'warmup_epochs': 5,
         'weight_decay': 0.05},
 'output_folder': './ckpt_bwc/',
 'test_cfg': {'duration_thresh': 0.05,
              'ext_score_file': None,
              'iou_threshold': 0.1,
              'max_seg_num': 200,
              'min_score': 0.001,
              'multiclass_nms': True,
              'nms_method': 'soft',
              'nms_sigma': 0.5,
              'pre_nms_thresh': 0.001,
              'pre_nms_topk': 2000,
              'voting_thresh': 0.7},
 'train_cfg': {'center_sample': 'radius',
               'center_sample_radius': 1.5,
               'clip_grad_l2norm': 1.0,
               'cls_prior_prob': 0.01,
               'dropout': 0.0,
               'droppath': 0.1,
               'head_empty_cls': [],
               'init_loss_norm': 100,
               'label_smoothing': 0.0,
               'loss_weight': 1.0},
 'train_split': ['train'],
 'val_split': ['test']}
FEATURE FILE DOES NOT EXIST:
/scratch/slee67/bodycam_mp4/log 1083757 _ body_cam video 5.mp4
FEATURE FILE DOES NOT EXIST:
/scratch/slee67/bodycam_mp4/log 1089608 body_worn camera 1.mp4
FEATURE FILE DOES NOT EXIST:
/scratch/slee67/bodycam_mp4/log 1089608 body_worn camera 5.mp4
FEATURE FILE DOES NOT EXIST:
/scratch/slee67/bodycam_mp4/log 1083757 _ body_cam video 3.mp4
FEATURE FILE DOES NOT EXIST:
/scratch/slee67/bodycam_mp4/log 1090234 body worn camera 1.mp4
FEATURE FILE DOES NOT EXIST:
/scratch/slee67/bodycam_mp4/log  2020_1006 body worn camera  8.mp4
FEATURE FILE DOES NOT EXIST:
/scratch/slee67/bodycam_mp4/log  2020_3121 body worn camera  7.mp4
FEATURE FILE DOES NOT EXIST:
/scratch/slee67/bodycam_mp4/log  2020_1006 body worn camera  14.mp4
FEATURE FILE DOES NOT EXIST:
/scratch/slee67/bodycam_mp4/log 1082645 _ body cam video 5.mp4
FEATURE FILE DOES NOT EXIST:
/scratch/slee67/bodycam_mp4/log  1092023 body worn camera 1.mp4
FEATURE FILE DOES NOT EXIST:
/scratch/slee67/bodycam_mp4/log 1083171 _ body cam video 2.mp4
FEATURE FILE DOES NOT EXIST:
/scratch/slee67/bodycam_mp4/log 1089772 body_worn camera 2.mp4
FEATURE FILE DOES NOT EXIST:
/scratch/slee67/bodycam_mp4/log  1092023 body worn camera 3.mp4
FEATURE FILE DOES NOT EXIST:
/scratch/slee67/bodycam_mp4/log 1081642 _ body_cam video 11.mp4
FEATURE FILE DOES NOT EXIST:
/scratch/slee67/bodycam_mp4/log  2020_0022body worn camera 5.mp4
FEATURE FILE DOES NOT EXIST:
/scratch/slee67/bodycam_mp4/log 1081642 _ body_cam video 14.mp4
FEATURE FILE DOES NOT EXIST:
/scratch/slee67/bodycam_mp4/log 1081642 _ bodycam video 3.mp4
FEATURE FILE DOES NOT EXIST:
/scratch/slee67/bodycam_mp4/log 1081642 _ body_cam video 24.mp4
FEATURE FILE DOES NOT EXIST:
/scratch/slee67/bodycam_mp4/log 1082195 _ body cam video 13.mp4
FEATURE FILE DOES NOT EXIST:
/scratch/slee67/bodycam_mp4/log 1081642 _ body_cam video 15.mp4
FEATURE FILE DOES NOT EXIST:
/scratch/slee67/bodycam_mp4/log 1081642 _ body_cam video 7.mp4
FEATURE FILE DOES NOT EXIST:
/scratch/slee67/bodycam_mp4/log 1090601 body worn camera 3.mp4
FEATURE FILE DOES NOT EXIST:
/scratch/slee67/bodycam_mp4/log 1089608 body_worn camera 2.mp4
FEATURE FILE DOES NOT EXIST:
/scratch/slee67/bodycam_mp4/log 1089608 body_worn camera 3.mp4
FEATURE FILE DOES NOT EXIST:
/scratch/slee67/bodycam_mp4/log 1089608 body_worn camera 4.mp4
FEATURE FILE DOES NOT EXIST:
/scratch/slee67/bodycam_mp4/log 1089608 body_worn camera 7.mp4
FEATURE FILE DOES NOT EXIST:
/scratch/slee67/bodycam_mp4/log 1089608 body_worn camera 6.mp4
FEATURE FILE DOES NOT EXIST:
/scratch/slee67/bodycam_mp4/log  1092023 body worn camera 2.mp4
FEATURE FILE DOES NOT EXIST:
/scratch/slee67/bodycam_mp4/log1081378 _ body_cam 4.mp4
FEATURE FILE DOES NOT EXIST:
/scratch/slee67/bodycam_mp4/log 1082195 _ body cam video 1.mp4
FEATURE FILE DOES NOT EXIST:
/scratch/slee67/bodycam_mp4/log  2019_4852 bwc video 1.mp4
FEATURE FILE DOES NOT EXIST:
/scratch/slee67/bodycam_mp4/log 1083171 _ body cam video 3.mp4
FEATURE FILE DOES NOT EXIST:
/scratch/slee67/bodycam_mp4/log 1082195 _ body cam video 9.mp4
FEATURE FILE DOES NOT EXIST:
/scratch/slee67/bodycam_mp4/log  2019_4852 bwc video 9.mp4
FEATURE FILE DOES NOT EXIST:
/scratch/slee67/bodycam_mp4/log 1083757 _ body_cam video 2.mp4
FEATURE FILE DOES NOT EXIST:
/scratch/slee67/bodycam_mp4/log 1082195 _ body cam video 5.mp4
FEATURE FILE DOES NOT EXIST:
/scratch/slee67/bodycam_mp4/log  2019_4852 bwc video 2.mp4
FEATURE FILE DOES NOT EXIST:
/scratch/slee67/bodycam_mp4/log 1083171 _ body cam video 4.mp4
FEATURE FILE DOES NOT EXIST:
/scratch/slee67/bodycam_mp4/log 1082513 _ body cam video 4.mp4
FEATURE FILE DOES NOT EXIST:
/scratch/slee67/bodycam_mp4/log  2019_4934body worn camera 1.mp4
FEATURE FILE DOES NOT EXIST:
/scratch/slee67/bodycam_mp4/log 1087518 body worn camera 1.mp4
FEATURE FILE DOES NOT EXIST:
/scratch/slee67/bodycam_mp4/log 1083757 _ body_cam video 1.mp4
FEATURE FILE DOES NOT EXIST:
/scratch/slee67/bodycam_mp4/log 1087518 body worn camera 2.mp4
FEATURE FILE DOES NOT EXIST:
/scratch/slee67/bodycam_mp4/log 1082645 _ body cam video 4.mp4
FEATURE FILE DOES NOT EXIST:
/scratch/slee67/bodycam_mp4/log 1082513 _ body cam video 3.mp4
FEATURE FILE DOES NOT EXIST:
/scratch/slee67/bodycam_mp4/log  2019_2605 body worn camera 2.mp4
FEATURE FILE DOES NOT EXIST:
/scratch/slee67/bodycam_mp4/log 1081642 _ bodycam video 1.mp4
FEATURE FILE DOES NOT EXIST:
/scratch/slee67/bodycam_mp4/log 1081642 _ bodycam video 2.mp4
FEATURE FILE DOES NOT EXIST:
/scratch/slee67/bodycam_mp4/log  2019_4852 bwc video 4.mp4
FEATURE FILE DOES NOT EXIST:
/scratch/slee67/bodycam_mp4/log  2019_4852 bwc video 7.mp4
FEATURE FILE DOES NOT EXIST:
/scratch/slee67/bodycam_mp4/log1081378 _ body_cam 1.mp4
FEATURE FILE DOES NOT EXIST:
/scratch/slee67/bodycam_mp4/log   2021_1112 bwc 17.mp4
FEATURE FILE DOES NOT EXIST:
/scratch/slee67/bodycam_mp4/log 1081642 _ body_cam video 19.mp4
FEATURE FILE DOES NOT EXIST:
/scratch/slee67/bodycam_mp4/log   2021_1112 bwc 12.mp4
FEATURE FILE DOES NOT EXIST:
/scratch/slee67/bodycam_mp4/log  1086427body worn camera  1.mp4
FEATURE FILE DOES NOT EXIST:
/scratch/slee67/bodycam_mp4/log   2021_1112 bwc 9.mp4
FEATURE FILE DOES NOT EXIST:
/scratch/slee67/bodycam_mp4/log   2021_1112 bwc 8.mp4
FEATURE FILE DOES NOT EXIST:
/scratch/slee67/bodycam_mp4/log   2021_1112 bwc 10.mp4
FEATURE FILE DOES NOT EXIST:
/scratch/slee67/bodycam_mp4/log  2019_0001855 body worn camera 2.mp4
FEATURE FILE DOES NOT EXIST:
/scratch/slee67/bodycam_mp4/log  2019_0001855 body worn camera 3.mp4
FEATURE FILE DOES NOT EXIST:
/scratch/slee67/bodycam_mp4/log 1081642 _ body_cam video 8.mp4
FEATURE FILE DOES NOT EXIST:
/scratch/slee67/bodycam_mp4/log 1081642 _ body_cam video 17.mp4
FEATURE FILE DOES NOT EXIST:
/scratch/slee67/bodycam_mp4/log 1082195 _ body cam video 12.mp4
FEATURE FILE DOES NOT EXIST:
/scratch/slee67/bodycam_mp4/log 1087646 _ body_worn camera 1.mp4
FEATURE FILE DOES NOT EXIST:
/scratch/slee67/bodycam_mp4/log 1087646 _ body_worn camera 2.mp4
FEATURE FILE DOES NOT EXIST:
/scratch/slee67/bodycam_mp4/log 1090601  body worn camera 2.mp4
FEATURE FILE DOES NOT EXIST:
/scratch/slee67/bodycam_mp4/log 1082645 _ body cam video 3.mp4
FEATURE FILE DOES NOT EXIST:
/scratch/slee67/bodycam_mp4/log   2021_1112 bwc 13.mp4
FEATURE FILE DOES NOT EXIST:
/scratch/slee67/bodycam_mp4/log   2021_1112 bwc 14.mp4
FEATURE FILE DOES NOT EXIST:
/scratch/slee67/bodycam_mp4/log   2021_1112 bwc 5.mp4
FEATURE FILE DOES NOT EXIST:
/scratch/slee67/bodycam_mp4/log 1081642 _ body_cam video 6.mp4
FEATURE FILE DOES NOT EXIST:
/scratch/slee67/bodycam_mp4/log 1082645 _ body cam video 1.mp4
FEATURE FILE DOES NOT EXIST:
/scratch/slee67/bodycam_mp4/log 1082513 _ body cam video 2.mp4
FEATURE FILE DOES NOT EXIST:
/scratch/slee67/bodycam_mp4/log 1082645 _ body cam video 2.mp4
Traceback (most recent call last):
  File "/project/6003167/slee67/bodycam/InternVideo/Downstream/Temporal-Action-Localization/./train_eval.py", line 236, in <module>
    main(args)
  File "/project/6003167/slee67/bodycam/InternVideo/Downstream/Temporal-Action-Localization/./train_eval.py", line 81, in main
    train_loader = make_data_loader(
  File "/project/6003167/slee67/bodycam/InternVideo/Downstream/Temporal-Action-Localization/libs/datasets/datasets.py", line 23, in make_data_loader
    loader = torch.utils.data.DataLoader(
  File "/project/6003167/slee67/bodycam/ENV/lib/python3.10/site-packages/torch/utils/data/dataloader.py", line 351, in __init__
    sampler = RandomSampler(dataset, generator=generator)  # type: ignore[arg-type]
  File "/project/6003167/slee67/bodycam/ENV/lib/python3.10/site-packages/torch/utils/data/sampler.py", line 107, in __init__
    raise ValueError("num_samples should be a positive integer "
ValueError: num_samples should be a positive integer value, but got num_samples=0
